<?xml version="1.0" encoding="UTF-8"?>
<!-- Generated by org.testng.reporters.JUnitReportReporter -->
<testsuite hostname="CPC-anbog-RVKLH" failures="0" tests="1" name="TestExecute.Osprey_US.SmokeTestCases.TEST_DGLD_OS_US_099_Validate_Footer_links" time="2149.762" errors="1" timestamp="1 Apr 2025 19:49:35 GMT">
  <testcase classname="TestExecute.Osprey_US.SmokeTestCases.TEST_DGLD_OS_US_099_Validate_Footer_links" name="Verifying_the_Footer_Links_Funtionality" time="2149.762">
    <error message="" type="java.lang.AssertionError">
      <![CDATA[java.lang.AssertionError: 
	at org.testng.AssertJUnit.fail(AssertJUnit.java:59)
	at org.testng.AssertJUnit.fail(AssertJUnit.java:66)
	at TestComponent.Osprey_US.GoldOspreyUS_PRODHyvaHelper.Footer_Links_Repari_And_Replacement(GoldOspreyUS_PRODHyvaHelper.java:14541)
	at TestExecute.Osprey_US.SmokeTestCases.TEST_DGLD_OS_US_099_Validate_Footer_links.Verifying_the_Footer_Links_Funtionality(TEST_DGLD_OS_US_099_Validate_Footer_links.java:28)
	at java.base/jdk.internal.reflect.NativeMethodAccessorImpl.invoke0(Native Method)
	at java.base/jdk.internal.reflect.NativeMethodAccessorImpl.invoke(NativeMethodAccessorImpl.java:78)
	at java.base/jdk.internal.reflect.DelegatingMethodAccessorImpl.invoke(DelegatingMethodAccessorImpl.java:43)
	at java.base/java.lang.reflect.Method.invoke(Method.java:567)
	at org.testng.internal.MethodInvocationHelper.invokeMethod(MethodInvocationHelper.java:80)
	at org.testng.internal.Invoker.invokeMethod(Invoker.java:714)
	at org.testng.internal.Invoker.invokeTestMethod(Invoker.java:901)
	at org.testng.internal.Invoker.invokeTestMethods(Invoker.java:1231)
	at org.testng.internal.TestMethodWorker.invokeTestMethods(TestMethodWorker.java:127)
	at org.testng.internal.TestMethodWorker.run(TestMethodWorker.java:111)
	at org.testng.TestRunner.privateRun(TestRunner.java:767)
	at org.testng.TestRunner.run(TestRunner.java:617)
	at org.testng.SuiteRunner.runTest(SuiteRunner.java:334)
	at org.testng.SuiteRunner.runSequentially(SuiteRunner.java:329)
	at org.testng.SuiteRunner.privateRun(SuiteRunner.java:291)
	at org.testng.SuiteRunner.run(SuiteRunner.java:240)
	at org.testng.SuiteRunnerWorker.runSuite(SuiteRunnerWorker.java:52)
	at org.testng.SuiteRunnerWorker.run(SuiteRunnerWorker.java:86)
	at org.testng.TestNG.runSuitesSequentially(TestNG.java:1198)
	at org.testng.TestNG.runSuitesLocally(TestNG.java:1123)
	at org.testng.TestNG.run(TestNG.java:1031)
	at org.testng.remote.AbstractRemoteTestNG.run(AbstractRemoteTestNG.java:115)
	at org.testng.remote.RemoteTestNG.initAndRun(RemoteTestNG.java:293)
	at org.testng.remote.RemoteTestNG.main(RemoteTestNG.java:91)
]]>
    </error>
  </testcase> <!-- Verifying_the_Footer_Links_Funtionality -->
</testsuite> <!-- TestExecute.Osprey_US.SmokeTestCases.TEST_DGLD_OS_US_099_Validate_Footer_links -->
