<?xml version="1.0" encoding="UTF-8"?>
<!-- Generated by org.testng.reporters.JUnitReportReporter -->
<testsuite hostname="Anjali-Valmiki" failures="0" tests="1" name="TestExecute.Osprey_US.SmokeTestCases.Test_DGLD_OSP_US_ST_053_Validate_SearchResults_Page_PLP_and_PDP_page_Regular_Item_GC_Purchase" time="91.972" errors="1" timestamp="2 Apr 2025 18:30:58 GMT">
  <testcase classname="TestExecute.Osprey_US.SmokeTestCases.Test_DGLD_OSP_US_ST_053_Validate_SearchResults_Page_PLP_and_PDP_page_Regular_Item_GC_Purchase" name="Validate_SearchResults_Page_PLP_and_PDP_page_Regular_Item_GC_Purchase" time="91.972">
    <error message="" type="java.lang.AssertionError">
      <![CDATA[java.lang.AssertionError: 
	at org.testng.AssertJUnit.fail(AssertJUnit.java:59)
	at org.testng.AssertJUnit.fail(AssertJUnit.java:66)
	at TestComponent.Osprey_US.GoldOspreyUS_PRODHyvaHelper.Invalid_search_product(GoldOspreyUS_PRODHyvaHelper.java:9771)
	at TestExecute.Osprey_US.SmokeTestCases.Test_DGLD_OSP_US_ST_053_Validate_SearchResults_Page_PLP_and_PDP_page_Regular_Item_GC_Purchase.Validate_SearchResults_Page_PLP_and_PDP_page_Regular_Item_GC_Purchase(Test_DGLD_OSP_US_ST_053_Validate_SearchResults_Page_PLP_and_PDP_page_Regular_Item_GC_Purchase.java:25)
	at java.base/jdk.internal.reflect.DirectMethodHandleAccessor.invoke(DirectMethodHandleAccessor.java:103)
	at java.base/java.lang.reflect.Method.invoke(Method.java:580)
	at org.testng.internal.MethodInvocationHelper.invokeMethod(MethodInvocationHelper.java:80)
	at org.testng.internal.Invoker.invokeMethod(Invoker.java:714)
	at org.testng.internal.Invoker.invokeTestMethod(Invoker.java:901)
	at org.testng.internal.Invoker.invokeTestMethods(Invoker.java:1231)
	at org.testng.internal.TestMethodWorker.invokeTestMethods(TestMethodWorker.java:127)
	at org.testng.internal.TestMethodWorker.run(TestMethodWorker.java:111)
	at org.testng.TestRunner.privateRun(TestRunner.java:767)
	at org.testng.TestRunner.run(TestRunner.java:617)
	at org.testng.SuiteRunner.runTest(SuiteRunner.java:334)
	at org.testng.SuiteRunner.runSequentially(SuiteRunner.java:329)
	at org.testng.SuiteRunner.privateRun(SuiteRunner.java:291)
	at org.testng.SuiteRunner.run(SuiteRunner.java:240)
	at org.testng.SuiteRunnerWorker.runSuite(SuiteRunnerWorker.java:52)
	at org.testng.SuiteRunnerWorker.run(SuiteRunnerWorker.java:86)
	at org.testng.TestNG.runSuitesSequentially(TestNG.java:1198)
	at org.testng.TestNG.runSuitesLocally(TestNG.java:1123)
	at org.testng.TestNG.run(TestNG.java:1031)
	at org.testng.remote.AbstractRemoteTestNG.run(AbstractRemoteTestNG.java:115)
	at org.testng.remote.RemoteTestNG.initAndRun(RemoteTestNG.java:293)
	at org.testng.remote.RemoteTestNG.main(RemoteTestNG.java:91)
]]>
    </error>
  </testcase> <!-- Validate_SearchResults_Page_PLP_and_PDP_page_Regular_Item_GC_Purchase -->
</testsuite> <!-- TestExecute.Osprey_US.SmokeTestCases.Test_DGLD_OSP_US_ST_053_Validate_SearchResults_Page_PLP_and_PDP_page_Regular_Item_GC_Purchase -->
